Start testing: Sep 11 10:34 CST
----------------------------------------------------------
1/1 Testing: bowg_facade
1/1 Test: bowg_facade
Command: "/home/wuxiangyu/Documents/PycharmProjects/FGS-SLAM/build/bowg-task3-verify-20260911-103129/test_bowg_facade"
Directory: /home/wuxiangyu/Documents/PycharmProjects/FGS-SLAM/build/bowg-task3-verify-20260911-103129
"bowg_facade" start time: Sep 11 10:34 CST
Output:
----------------------------------------------------------
loop start load vocabulary
word num: 310
word num: 305
word num: 310
word num: 310
loop start load vocabulary
loop start load vocabulary
word num: 310
word num: 305
word num: 310
loop start load vocabulary
word num: 310
word num: 305
word num: 310
loop start load vocabulary
word num: 310
word num: 305
word num: 310
bowg_facade PASS
<end of output>
Test time =   0.86 sec
----------------------------------------------------------
Test Passed.
"bowg_facade" end time: Sep 11 10:34 CST
"bowg_facade" time elapsed: 00:00:00
----------------------------------------------------------

End testing: Sep 11 10:34 CST
