Start testing: Sep 10 15:47 CST
----------------------------------------------------------
1/1 Testing: bowg_facade
1/1 Test: bowg_facade
Command: "/home/wxy/Documents/PycharmProjects/FGS-SLAM/build/bowg/test_bowg_facade"
Directory: /home/wxy/Documents/PycharmProjects/FGS-SLAM/build/bowg
"bowg_facade" start time: Sep 10 15:47 CST
Output:
----------------------------------------------------------
loop start load vocabulary
word num: 310
word num: 304
word num: 310
word num: 310
loop start load vocabulary
loop start load vocabulary
word num: 310
word num: 304
word num: 310
loop start load vocabulary
word num: 310
word num: 304
word num: 310
loop start load vocabulary
word num: 310
word num: 304
word num: 310
bowg_facade PASS
<end of output>
Test time =   1.04 sec
----------------------------------------------------------
Test Passed.
"bowg_facade" end time: Sep 10 15:47 CST
"bowg_facade" time elapsed: 00:00:01
----------------------------------------------------------

End testing: Sep 10 15:47 CST
